<?xml version="1.0" encoding="UTF-8"?>
<!-- Generated by org.testng.reporters.JUnitReportReporter -->
<testsuite hostname="Lenovo" failures="0" tests="3" name="com.PhpTestPage.PhpHomePageTest" time="1.681" errors="0" timestamp="2021-07-30T00:35:05 IST" skipped="0">
  <testcase classname="com.PhpTestPage.PhpHomePageTest" name="getPriceFromAndroidtab" time="0.965"/>
  <system-out/>
  <testcase classname="com.PhpTestPage.PhpHomePageTest" name="verifyDemo" time="0.582"/>
  <system-out/>
  <testcase classname="com.PhpTestPage.PhpHomePageTest" name="verifyprice" time="0.134"/>
  <system-out/>
</testsuite> <!-- com.PhpTestPage.PhpHomePageTest -->
